1744169228.892429 client started (123223): version 3.4, socket /tmp/tmux-1001/default, protocol 8
1744169228.892474 on Linux 6.11.0-21-generic #21~24.04.1-Ubuntu SMP PREEMPT_DYNAMIC Mon Feb 24 16:52:15 UTC 2
1744169228.892483 using libevent 2.1.12-stable poll
1744169228.892494 using ncurses 6.4 20240113
1744169228.892559 flags are 0x18010000
1744169228.892592 socket is /tmp/tmux-1001/default
1744169228.892617 trying connect
1744169228.892652 connect failed: Connection refused
1744169228.892675 lock file is /tmp/tmux-1001/default.lock
1744169228.892728 flock succeeded
1744169228.892736 got lock (6)
1744169228.892752 trying connect
1744169228.892776 connect failed: Connection refused
1744169228.893323 add peer 0x64c477827720: 7 ((nil))
1744169228.894657 sending message 100 to peer 0x64c477827720 (4 bytes)
1744169228.894685 sending message 111 to peer 0x64c477827720 (8 bytes)
1744169228.894698 sending message 101 to peer 0x64c477827720 (15 bytes)
1744169228.894710 sending message 109 to peer 0x64c477827720 (4 bytes)
1744169228.894722 sending message 102 to peer 0x64c477827720 (11 bytes)
1744169228.894733 sending message 108 to peer 0x64c477827720 (24 bytes)
1744169228.894745 sending message 112 to peer 0x64c477827720 (58 bytes)
1744169228.894757 sending message 112 to peer 0x64c477827720 (5 bytes)
1744169228.894769 sending message 112 to peer 0x64c477827720 (5 bytes)
1744169228.894782 sending message 112 to peer 0x64c477827720 (6 bytes)
1744169228.894793 sending message 112 to peer 0x64c477827720 (6 bytes)
1744169228.894805 sending message 112 to peer 0x64c477827720 (11 bytes)
1744169228.894816 sending message 112 to peer 0x64c477827720 (10 bytes)
1744169228.894827 sending message 112 to peer 0x64c477827720 (13 bytes)
1744169228.894839 sending message 112 to peer 0x64c477827720 (14 bytes)
1744169228.894850 sending message 112 to peer 0x64c477827720 (19 bytes)
1744169228.894862 sending message 112 to peer 0x64c477827720 (11 bytes)
1744169228.894873 sending message 112 to peer 0x64c477827720 (10 bytes)
1744169228.894884 sending message 112 to peer 0x64c477827720 (15 bytes)
1744169228.894896 sending message 112 to peer 0x64c477827720 (21 bytes)
1744169228.894907 sending message 112 to peer 0x64c477827720 (13 bytes)
1744169228.894918 sending message 112 to peer 0x64c477827720 (7 bytes)
1744169228.894929 sending message 112 to peer 0x64c477827720 (13 bytes)
1744169228.894941 sending message 112 to peer 0x64c477827720 (7 bytes)
1744169228.894952 sending message 112 to peer 0x64c477827720 (13 bytes)
1744169228.894963 sending message 112 to peer 0x64c477827720 (9 bytes)
1744169228.894974 sending message 112 to peer 0x64c477827720 (21 bytes)
1744169228.894986 sending message 112 to peer 0x64c477827720 (13 bytes)
1744169228.894997 sending message 112 to peer 0x64c477827720 (9 bytes)
1744169228.895009 sending message 112 to peer 0x64c477827720 (16 bytes)
1744169228.895020 sending message 112 to peer 0x64c477827720 (13 bytes)
1744169228.895031 sending message 112 to peer 0x64c477827720 (9 bytes)
1744169228.895042 sending message 112 to peer 0x64c477827720 (9 bytes)
1744169228.895054 sending message 112 to peer 0x64c477827720 (12 bytes)
1744169228.895065 sending message 112 to peer 0x64c477827720 (8 bytes)
1744169228.895076 sending message 112 to peer 0x64c477827720 (8 bytes)
1744169228.895087 sending message 112 to peer 0x64c477827720 (13 bytes)
1744169228.895099 sending message 112 to peer 0x64c477827720 (7 bytes)
1744169228.895110 sending message 112 to peer 0x64c477827720 (7 bytes)
1744169228.895121 sending message 112 to peer 0x64c477827720 (9 bytes)
1744169228.895132 sending message 112 to peer 0x64c477827720 (9 bytes)
1744169228.895143 sending message 112 to peer 0x64c477827720 (15 bytes)
1744169228.895155 sending message 112 to peer 0x64c477827720 (13 bytes)
1744169228.895166 sending message 112 to peer 0x64c477827720 (12 bytes)
1744169228.895177 sending message 112 to peer 0x64c477827720 (8 bytes)
1744169228.895200 sending message 112 to peer 0x64c477827720 (14 bytes)
1744169228.895215 sending message 112 to peer 0x64c477827720 (11 bytes)
1744169228.895241 sending message 112 to peer 0x64c477827720 (9 bytes)
1744169228.895252 sending message 112 to peer 0x64c477827720 (10 bytes)
1744169228.895264 sending message 112 to peer 0x64c477827720 (10 bytes)
1744169228.895275 sending message 112 to peer 0x64c477827720 (10 bytes)
1744169228.895286 sending message 112 to peer 0x64c477827720 (10 bytes)
1744169228.895298 sending message 112 to peer 0x64c477827720 (11 bytes)
1744169228.895309 sending message 112 to peer 0x64c477827720 (12 bytes)
1744169228.895320 sending message 112 to peer 0x64c477827720 (12 bytes)
1744169228.895331 sending message 112 to peer 0x64c477827720 (12 bytes)
1744169228.895342 sending message 112 to peer 0x64c477827720 (12 bytes)
1744169228.895354 sending message 112 to peer 0x64c477827720 (12 bytes)
1744169228.895365 sending message 112 to peer 0x64c477827720 (11 bytes)
1744169228.895376 sending message 112 to peer 0x64c477827720 (11 bytes)
1744169228.895388 sending message 112 to peer 0x64c477827720 (12 bytes)
1744169228.895399 sending message 112 to peer 0x64c477827720 (12 bytes)
1744169228.895410 sending message 112 to peer 0x64c477827720 (12 bytes)
1744169228.895422 sending message 112 to peer 0x64c477827720 (12 bytes)
1744169228.895433 sending message 112 to peer 0x64c477827720 (12 bytes)
1744169228.895444 sending message 112 to peer 0x64c477827720 (9 bytes)
1744169228.895455 sending message 112 to peer 0x64c477827720 (12 bytes)
1744169228.895467 sending message 112 to peer 0x64c477827720 (13 bytes)
1744169228.895478 sending message 112 to peer 0x64c477827720 (13 bytes)
1744169228.895488 sending message 112 to peer 0x64c477827720 (13 bytes)
1744169228.895498 sending message 112 to peer 0x64c477827720 (13 bytes)
1744169228.895509 sending message 112 to peer 0x64c477827720 (13 bytes)
1744169228.895520 sending message 112 to peer 0x64c477827720 (8 bytes)
1744169228.895532 sending message 112 to peer 0x64c477827720 (11 bytes)
1744169228.895543 sending message 112 to peer 0x64c477827720 (11 bytes)
1744169228.895553 sending message 112 to peer 0x64c477827720 (11 bytes)
1744169228.895564 sending message 112 to peer 0x64c477827720 (12 bytes)
1744169228.895575 sending message 112 to peer 0x64c477827720 (12 bytes)
1744169228.895586 sending message 112 to peer 0x64c477827720 (12 bytes)
1744169228.895598 sending message 112 to peer 0x64c477827720 (12 bytes)
1744169228.895609 sending message 112 to peer 0x64c477827720 (13 bytes)
1744169228.895622 sending message 112 to peer 0x64c477827720 (13 bytes)
1744169228.895633 sending message 112 to peer 0x64c477827720 (13 bytes)
1744169228.895644 sending message 112 to peer 0x64c477827720 (8 bytes)
1744169228.895656 sending message 112 to peer 0x64c477827720 (13 bytes)
1744169228.895665 sending message 112 to peer 0x64c477827720 (13 bytes)
1744169228.895675 sending message 112 to peer 0x64c477827720 (13 bytes)
1744169228.895686 sending message 112 to peer 0x64c477827720 (13 bytes)
1744169228.895699 sending message 112 to peer 0x64c477827720 (13 bytes)
1744169228.895711 sending message 112 to peer 0x64c477827720 (12 bytes)
1744169228.895723 sending message 112 to peer 0x64c477827720 (12 bytes)
1744169228.895734 sending message 112 to peer 0x64c477827720 (12 bytes)
1744169228.895745 sending message 112 to peer 0x64c477827720 (12 bytes)
1744169228.895757 sending message 112 to peer 0x64c477827720 (13 bytes)
1744169228.895768 sending message 112 to peer 0x64c477827720 (8 bytes)
1744169228.895779 sending message 112 to peer 0x64c477827720 (13 bytes)
1744169228.895790 sending message 112 to peer 0x64c477827720 (13 bytes)
1744169228.895802 sending message 112 to peer 0x64c477827720 (13 bytes)
1744169228.895813 sending message 112 to peer 0x64c477827720 (13 bytes)
1744169228.895824 sending message 112 to peer 0x64c477827720 (13 bytes)
1744169228.895836 sending message 112 to peer 0x64c477827720 (13 bytes)
1744169228.895847 sending message 112 to peer 0x64c477827720 (13 bytes)
1744169228.895858 sending message 112 to peer 0x64c477827720 (12 bytes)
1744169228.895870 sending message 112 to peer 0x64c477827720 (12 bytes)
1744169228.895889 sending message 112 to peer 0x64c477827720 (12 bytes)
1744169228.895900 sending message 112 to peer 0x64c477827720 (8 bytes)
1744169228.895912 sending message 112 to peer 0x64c477827720 (12 bytes)
1744169228.895923 sending message 112 to peer 0x64c477827720 (13 bytes)
1744169228.895934 sending message 112 to peer 0x64c477827720 (13 bytes)
1744169228.895945 sending message 112 to peer 0x64c477827720 (13 bytes)
1744169228.895956 sending message 112 to peer 0x64c477827720 (13 bytes)
1744169228.895967 sending message 112 to peer 0x64c477827720 (13 bytes)
1744169228.895978 sending message 112 to peer 0x64c477827720 (13 bytes)
1744169228.895990 sending message 112 to peer 0x64c477827720 (13 bytes)
1744169228.896002 sending message 112 to peer 0x64c477827720 (13 bytes)
1744169228.896013 sending message 112 to peer 0x64c477827720 (12 bytes)
1744169228.896024 sending message 112 to peer 0x64c477827720 (10 bytes)
1744169228.896035 sending message 112 to peer 0x64c477827720 (12 bytes)
1744169228.896046 sending message 112 to peer 0x64c477827720 (12 bytes)
1744169228.896058 sending message 112 to peer 0x64c477827720 (12 bytes)
1744169228.896069 sending message 112 to peer 0x64c477827720 (13 bytes)
1744169228.896080 sending message 112 to peer 0x64c477827720 (13 bytes)
1744169228.896091 sending message 112 to peer 0x64c477827720 (13 bytes)
1744169228.896102 sending message 112 to peer 0x64c477827720 (13 bytes)
1744169228.896114 sending message 112 to peer 0x64c477827720 (13 bytes)
1744169228.896125 sending message 112 to peer 0x64c477827720 (13 bytes)
1744169228.896137 sending message 112 to peer 0x64c477827720 (13 bytes)
1744169228.896148 sending message 112 to peer 0x64c477827720 (10 bytes)
1744169228.896159 sending message 112 to peer 0x64c477827720 (13 bytes)
1744169228.896170 sending message 112 to peer 0x64c477827720 (12 bytes)
1744169228.896181 sending message 112 to peer 0x64c477827720 (12 bytes)
1744169228.896250 sending message 112 to peer 0x64c477827720 (12 bytes)
1744169228.896262 sending message 112 to peer 0x64c477827720 (10 bytes)
1744169228.896275 sending message 112 to peer 0x64c477827720 (10 bytes)
1744169228.896287 sending message 112 to peer 0x64c477827720 (10 bytes)
1744169228.896300 sending message 112 to peer 0x64c477827720 (12 bytes)
1744169228.896312 sending message 112 to peer 0x64c477827720 (13 bytes)
1744169228.896325 sending message 112 to peer 0x64c477827720 (13 bytes)
1744169228.896336 sending message 112 to peer 0x64c477827720 (13 bytes)
1744169228.896348 sending message 112 to peer 0x64c477827720 (13 bytes)
1744169228.896359 sending message 112 to peer 0x64c477827720 (13 bytes)
1744169228.896370 sending message 112 to peer 0x64c477827720 (10 bytes)
1744169228.896381 sending message 112 to peer 0x64c477827720 (11 bytes)
1744169228.896392 sending message 112 to peer 0x64c477827720 (12 bytes)
1744169228.896404 sending message 112 to peer 0x64c477827720 (12 bytes)
1744169228.896415 sending message 112 to peer 0x64c477827720 (12 bytes)
1744169228.896426 sending message 112 to peer 0x64c477827720 (12 bytes)
1744169228.896437 sending message 112 to peer 0x64c477827720 (12 bytes)
1744169228.896448 sending message 112 to peer 0x64c477827720 (11 bytes)
1744169228.896459 sending message 112 to peer 0x64c477827720 (12 bytes)
1744169228.896470 sending message 112 to peer 0x64c477827720 (12 bytes)
1744169228.896482 sending message 112 to peer 0x64c477827720 (13 bytes)
1744169228.896493 sending message 112 to peer 0x64c477827720 (13 bytes)
1744169228.896504 sending message 112 to peer 0x64c477827720 (13 bytes)
1744169228.896515 sending message 112 to peer 0x64c477827720 (13 bytes)
1744169228.896527 sending message 112 to peer 0x64c477827720 (13 bytes)
1744169228.896538 sending message 112 to peer 0x64c477827720 (10 bytes)
1744169228.896549 sending message 112 to peer 0x64c477827720 (9 bytes)
1744169228.896560 sending message 112 to peer 0x64c477827720 (12 bytes)
1744169228.896571 sending message 112 to peer 0x64c477827720 (13 bytes)
1744169228.896583 sending message 112 to peer 0x64c477827720 (13 bytes)
1744169228.896603 sending message 112 to peer 0x64c477827720 (13 bytes)
1744169228.896614 sending message 112 to peer 0x64c477827720 (13 bytes)
1744169228.896626 sending message 112 to peer 0x64c477827720 (13 bytes)
1744169228.896637 sending message 112 to peer 0x64c477827720 (9 bytes)
1744169228.896649 sending message 112 to peer 0x64c477827720 (12 bytes)
1744169228.896660 sending message 112 to peer 0x64c477827720 (13 bytes)
1744169228.896671 sending message 112 to peer 0x64c477827720 (13 bytes)
1744169228.896683 sending message 112 to peer 0x64c477827720 (13 bytes)
1744169228.896694 sending message 112 to peer 0x64c477827720 (13 bytes)
1744169228.896703 sending message 112 to peer 0x64c477827720 (13 bytes)
1744169228.896714 sending message 112 to peer 0x64c477827720 (11 bytes)
1744169228.896725 sending message 112 to peer 0x64c477827720 (12 bytes)
1744169228.896736 sending message 112 to peer 0x64c477827720 (13 bytes)
1744169228.896747 sending message 112 to peer 0x64c477827720 (13 bytes)
1744169228.896758 sending message 112 to peer 0x64c477827720 (13 bytes)
1744169228.896770 sending message 112 to peer 0x64c477827720 (13 bytes)
1744169228.896781 sending message 112 to peer 0x64c477827720 (13 bytes)
1744169228.896792 sending message 112 to peer 0x64c477827720 (11 bytes)
1744169228.896803 sending message 112 to peer 0x64c477827720 (12 bytes)
1744169228.896815 sending message 112 to peer 0x64c477827720 (12 bytes)
1744169228.896826 sending message 112 to peer 0x64c477827720 (12 bytes)
1744169228.896837 sending message 112 to peer 0x64c477827720 (12 bytes)
1744169228.896848 sending message 112 to peer 0x64c477827720 (12 bytes)
1744169228.896860 sending message 112 to peer 0x64c477827720 (21 bytes)
1744169228.896871 sending message 112 to peer 0x64c477827720 (12 bytes)
1744169228.896882 sending message 112 to peer 0x64c477827720 (9 bytes)
1744169228.896892 sending message 112 to peer 0x64c477827720 (6 bytes)
1744169228.896902 sending message 112 to peer 0x64c477827720 (13 bytes)
1744169228.896914 sending message 112 to peer 0x64c477827720 (10 bytes)
1744169228.896925 sending message 112 to peer 0x64c477827720 (24 bytes)
1744169228.896936 sending message 112 to peer 0x64c477827720 (13 bytes)
1744169228.896948 sending message 112 to peer 0x64c477827720 (9 bytes)
1744169228.896959 sending message 112 to peer 0x64c477827720 (70 bytes)
1744169228.896970 sending message 112 to peer 0x64c477827720 (69 bytes)
1744169228.896982 sending message 112 to peer 0x64c477827720 (12 bytes)
1744169228.896993 sending message 112 to peer 0x64c477827720 (10 bytes)
1744169228.897004 sending message 112 to peer 0x64c477827720 (10 bytes)
1744169228.897016 sending message 112 to peer 0x64c477827720 (24 bytes)
1744169228.897028 sending message 112 to peer 0x64c477827720 (13 bytes)
1744169228.897039 sending message 112 to peer 0x64c477827720 (10 bytes)
1744169228.897050 sending message 112 to peer 0x64c477827720 (10 bytes)
1744169228.897062 sending message 112 to peer 0x64c477827720 (10 bytes)
1744169228.897073 sending message 112 to peer 0x64c477827720 (13 bytes)
1744169228.897084 sending message 112 to peer 0x64c477827720 (15 bytes)
1744169228.897098 sending message 112 to peer 0x64c477827720 (5 bytes)
1744169228.897113 sending message 104 to peer 0x64c477827720 (0 bytes)
1744169228.897126 sending message 110 to peer 0x64c477827720 (0 bytes)
1744169228.897143 sending message 107 to peer 0x64c477827720 (4 bytes)
1744169228.897154 sending message 105 to peer 0x64c477827720 (20 bytes)
1744169228.897167 sending message 105 to peer 0x64c477827720 (54 bytes)
1744169228.897180 sending message 105 to peer 0x64c477827720 (23 bytes)
1744169228.897259 sending message 105 to peer 0x64c477827720 (11 bytes)
1744169228.897276 sending message 105 to peer 0x64c477827720 (18 bytes)
1744169228.897289 sending message 105 to peer 0x64c477827720 (44 bytes)
1744169228.897302 sending message 105 to peer 0x64c477827720 (23 bytes)
1744169228.897315 sending message 105 to peer 0x64c477827720 (32 bytes)
1744169228.897326 sending message 105 to peer 0x64c477827720 (35 bytes)
1744169228.897353 sending message 105 to peer 0x64c477827720 (47 bytes)
1744169228.897365 sending message 105 to peer 0x64c477827720 (17 bytes)
1744169228.897376 sending message 105 to peer 0x64c477827720 (47 bytes)
1744169228.897388 sending message 105 to peer 0x64c477827720 (23 bytes)
1744169228.897400 sending message 105 to peer 0x64c477827720 (18 bytes)
1744169228.897412 sending message 105 to peer 0x64c477827720 (23 bytes)
1744169228.897425 sending message 105 to peer 0x64c477827720 (30 bytes)
1744169228.897438 sending message 105 to peer 0x64c477827720 (27 bytes)
1744169228.897451 sending message 105 to peer 0x64c477827720 (24 bytes)
1744169228.897462 sending message 105 to peer 0x64c477827720 (20 bytes)
1744169228.897473 sending message 105 to peer 0x64c477827720 (23 bytes)
1744169228.897484 sending message 105 to peer 0x64c477827720 (21 bytes)
1744169228.897496 sending message 105 to peer 0x64c477827720 (25 bytes)
1744169228.897507 sending message 105 to peer 0x64c477827720 (20 bytes)
1744169228.897518 sending message 105 to peer 0x64c477827720 (15 bytes)
1744169228.897529 sending message 105 to peer 0x64c477827720 (14 bytes)
1744169228.897540 sending message 105 to peer 0x64c477827720 (16 bytes)
1744169228.897552 sending message 105 to peer 0x64c477827720 (139 bytes)
1744169228.897563 sending message 105 to peer 0x64c477827720 (51 bytes)
1744169228.897575 sending message 105 to peer 0x64c477827720 (19 bytes)
1744169228.897586 sending message 105 to peer 0x64c477827720 (17 bytes)
1744169228.897597 sending message 105 to peer 0x64c477827720 (287 bytes)
1744169228.897609 sending message 105 to peer 0x64c477827720 (48 bytes)
1744169228.897620 sending message 105 to peer 0x64c477827720 (20 bytes)
1744169228.897631 sending message 105 to peer 0x64c477827720 (28 bytes)
1744169228.897643 sending message 105 to peer 0x64c477827720 (19 bytes)
1744169228.897654 sending message 105 to peer 0x64c477827720 (18 bytes)
1744169228.897665 sending message 105 to peer 0x64c477827720 (90 bytes)
1744169228.897677 sending message 105 to peer 0x64c477827720 (15 bytes)
1744169228.897688 sending message 105 to peer 0x64c477827720 (8 bytes)
1744169228.897699 sending message 105 to peer 0x64c477827720 (41 bytes)
1744169228.897710 sending message 105 to peer 0x64c477827720 (23 bytes)
1744169228.897722 sending message 105 to peer 0x64c477827720 (20 bytes)
1744169228.897733 sending message 105 to peer 0x64c477827720 (11 bytes)
1744169228.897744 sending message 105 to peer 0x64c477827720 (15 bytes)
1744169228.897755 sending message 105 to peer 0x64c477827720 (17 bytes)
1744169228.897766 sending message 105 to peer 0x64c477827720 (26 bytes)
1744169228.897777 sending message 105 to peer 0x64c477827720 (54 bytes)
1744169228.897789 sending message 105 to peer 0x64c477827720 (33 bytes)
1744169228.897800 sending message 105 to peer 0x64c477827720 (145 bytes)
1744169228.897811 sending message 105 to peer 0x64c477827720 (23 bytes)
1744169228.897822 sending message 105 to peer 0x64c477827720 (31 bytes)
1744169228.897834 sending message 105 to peer 0x64c477827720 (23 bytes)
1744169228.897845 sending message 105 to peer 0x64c477827720 (27 bytes)
1744169228.897856 sending message 105 to peer 0x64c477827720 (25 bytes)
1744169228.897867 sending message 105 to peer 0x64c477827720 (20 bytes)
1744169228.897879 sending message 105 to peer 0x64c477827720 (32 bytes)
1744169228.897890 sending message 105 to peer 0x64c477827720 (16 bytes)
1744169228.897901 sending message 105 to peer 0x64c477827720 (44 bytes)
1744169228.897913 sending message 105 to peer 0x64c477827720 (39 bytes)
1744169228.897924 sending message 105 to peer 0x64c477827720 (16 bytes)
1744169228.897938 sending message 105 to peer 0x64c477827720 (10 bytes)
1744169228.897949 sending message 105 to peer 0x64c477827720 (24 bytes)
1744169228.897961 sending message 105 to peer 0x64c477827720 (1817 bytes)
1744169228.897995 sending message 105 to peer 0x64c477827720 (43 bytes)
1744169228.898006 sending message 105 to peer 0x64c477827720 (37 bytes)
1744169228.898019 sending message 105 to peer 0x64c477827720 (40 bytes)
1744169228.898038 sending message 105 to peer 0x64c477827720 (12 bytes)
1744169228.898051 sending message 105 to peer 0x64c477827720 (20 bytes)
1744169228.898063 sending message 105 to peer 0x64c477827720 (17 bytes)
1744169228.898076 sending message 106 to peer 0x64c477827720 (0 bytes)
1744169228.898181 sending message 200 to peer 0x64c477827720 (4 bytes)
1744169228.898197 client loop enter
1744169228.898232 client_signal: Child exited
1744169229.476445 peer 0x64c477827720 message 207
1744169229.476626 sending message 208 to peer 0x64c477827720 (0 bytes)
1744169246.784133 peer 0x64c477827720 message 203
1744169246.784158 sending message 205 to peer 0x64c477827720 (0 bytes)
1744169246.784738 peer 0x64c477827720 message 204
1744169246.784761 client loop exit
